Build started 2015-11-15 00:32:52.
     1>Project "D:\Code\Arcanoid\projekt2vs13.vcxproj" on node 2 (Build target(s)).
     1>ClCompile:
         D:\Programs\Visual Studio\VC\bin\CL.exe /c /I.\sdl\include\ /Zi /nologo /W3 /WX- /O2 /Oi /Oy- /GL /D WIN32 /D NDEBUG /D _CONSOLE /D _UNICODE /D UNICODE /Gm- /EHsc /MD /GS /Gy /fp:precise /Zc:wchar_t /Zc:forScope /Fo"Release\\" /Fd"Release\vc120.pdb" /Gd /TP /analyze- /errorReport:prompt calculations.cpp Collisions.cpp controls.cpp draw.cpp filesworking.cpp header.cpp main.cpp Movement.cpp screensettings.cpp
         calculations.cpp
         Collisions.cpp
     1>Collisions.cpp(5): warning C4244: 'initializing' : conversion from 'double' to 'int', possible loss of data
     1>Collisions.cpp(6): warning C4244: 'initializing' : conversion from 'double' to 'int', possible loss of data
     1>Collisions.cpp(7): warning C4244: 'initializing' : conversion from 'double' to 'int', possible loss of data
     1>Collisions.cpp(8): warning C4244: 'initializing' : conversion from 'double' to 'int', possible loss of data
     1>Collisions.cpp(43): warning C4244: 'initializing' : conversion from 'double' to 'int', possible loss of data
     1>Collisions.cpp(44): warning C4244: 'initializing' : conversion from 'double' to 'int', possible loss of data
     1>Collisions.cpp(64): warning C4244: '=' : conversion from 'double' to 'int', possible loss of data
     1>Collisions.cpp(79): warning C4244: '=' : conversion from 'double' to 'int', possible loss of data
     1>Collisions.cpp(139): warning C4244: 'initializing' : conversion from 'double' to 'int', possible loss of data
     1>Collisions.cpp(166): warning C4244: 'initializing' : conversion from 'double' to 'int', possible loss of data
     1>Collisions.cpp(181): warning C4244: 'initializing' : conversion from 'double' to 'int', possible loss of data
     1>Collisions.cpp(227): warning C4244: 'initializing' : conversion from 'double' to 'int', possible loss of data
     1>Collisions.cpp(246): warning C4244: 'initializing' : conversion from 'double' to 'int', possible loss of data
     1>Collisions.cpp(264): warning C4244: 'initializing' : conversion from 'double' to 'int', possible loss of data
     1>Collisions.cpp(277): warning C4244: 'initializing' : conversion from 'double' to 'int', possible loss of data
     1>Collisions.cpp(292): warning C4244: 'initializing' : conversion from 'double' to 'int', possible loss of data
         controls.cpp
         draw.cpp
     1>draw.cpp(106): warning C4244: 'argument' : conversion from 'double' to 'int', possible loss of data
     1>draw.cpp(109): warning C4244: 'argument' : conversion from 'double' to 'int', possible loss of data
     1>draw.cpp(113): warning C4244: 'argument' : conversion from 'double' to 'int', possible loss of data
     1>draw.cpp(119): warning C4244: 'argument' : conversion from 'double' to 'int', possible loss of data
     1>draw.cpp(126): warning C4244: 'argument' : conversion from 'double' to 'int', possible loss of data
     1>draw.cpp(133): warning C4244: 'argument' : conversion from 'double' to 'int', possible loss of data
     1>draw.cpp(138): warning C4244: 'argument' : conversion from 'double' to 'int', possible loss of data
     1>draw.cpp(143): warning C4244: 'argument' : conversion from 'double' to 'int', possible loss of data
         filesworking.cpp
         header.cpp
         main.cpp
         Movement.cpp
         screensettings.cpp
       Link:
         D:\Programs\Visual Studio\VC\bin\link.exe /ERRORREPORT:PROMPT /OUT:"D:\Code\Arcanoid\Release\Arcanoid.exe" /INCREMENTAL:NO /NOLOGO .\sdl\winlib\sdl2.lib .\sdl\winlib\sdl2main.lib kernel32.lib user32.lib gdi32.lib winspool.lib comdlg32.lib advapi32.lib shell32.lib ole32.lib oleaut32.lib uuid.lib odbc32.lib odbccp32.lib /MANIFEST /MANIFESTUAC:"level='asInvoker' uiAccess='false'" /manifest:embed /DEBUG /PDB:"D:\Code\Arcanoid\Release\Arcanoid.pdb" /SUBSYSTEM:WINDOWS /OPT:REF /OPT:ICF /LTCG /TLBID:1 /DYNAMICBASE /NXCOMPAT /IMPLIB:"D:\Code\Arcanoid\Release\Arcanoid.lib" /MACHINE:X86 /SAFESEH Release\calculations.obj
         Release\Collisions.obj
         Release\controls.obj
         Release\draw.obj
         Release\filesworking.obj
         Release\header.obj
         Release\main.obj
         Release\Movement.obj
         Release\screensettings.obj
         Generating code
         Finished generating code
         projekt2vs13.vcxproj -> D:\Code\Arcanoid\Release\Arcanoid.exe
     1>Done Building Project "D:\Code\Arcanoid\projekt2vs13.vcxproj" (Build target(s)).

Build succeeded.

Time Elapsed 00:00:04.08
